
Fri Mar 11 20:40:48 PSADT 2022: 
 exercises.c | 6 ++++--
 1 file changed, 4 insertions(+), 2 deletions(-)
In file included from test.c:5:
exercises.c: In function 'suma':
exercises.c:15:12: error: format '%d' expects argument of type 'int *', but argument 2 has type 'int' [-Werror=format=]
    scanf("%d", a);
           ~^   ~
exercises.c:15:12: error: format '%d' expects argument of type 'int *', but argument 2 has type 'int' [-Werror=format=]
exercises.c:16:12: error: format '%d' expects argument of type 'int *', but argument 2 has type 'int' [-Werror=format=]
    scanf("%d", b);
           ~^   ~
exercises.c:16:12: error: format '%d' expects argument of type 'int *', but argument 2 has type 'int' [-Werror=format=]
exercises.c:17:6: error: assignment to 'int *' from 'int' makes pointer from integer without a cast [-Werror=int-conversion]
    c = a+b;
      ^
test.c: At top level:
test.c:8:8: error: '_strdup' redeclared without dllimport attribute: previous dllimport ignored [-Werror=attributes]
 char * _strdup(const char * str) {
        ^~~~~~~
test.c: In function 'test_suma_n':
test.c:88:17: error: passing argument 1 to restrict-qualified parameter aliases with argument 3 [-Werror=restrict]
         sprintf(msg,"%s %d,",msg,a[i]);
                 ^~~          ~~~
test.c:90:13: error: passing argument 1 to restrict-qualified parameter aliases with argument 3 [-Werror=restrict]
     sprintf(msg,"%s]",msg);
             ^~~       ~~~
test.c:90:21: error: 'sprintf' may write a terminating nul past the end of the destination [-Werror=format-overflow=]
     sprintf(msg,"%s]",msg);
                     ^
test.c:90:5: note: 'sprintf' output between 2 and 301 bytes into a destination of size 300
     sprintf(msg,"%s]",msg);
     ^~~~~~~~~~~~~~~~~~~~~~
test.c:88:25: error: '%d' directive writing between 1 and 11 bytes into a region of size between 0 and 299 [-Werror=format-overflow=]
         sprintf(msg,"%s %d,",msg,a[i]);
                         ^~
test.c:88:9: note: 'sprintf' output between 4 and 313 bytes into a destination of size 300
         sprintf(msg,"%s %d,",msg,a[i]);
         ^~~~~~~~~~~~~~~~~~~~~~~~~~~~~~
cc1.exe: all warnings being treated as errors
Compilation failed
70a3102
Fri Mar 11 20:42:39 PSADT 2022: 
 exercises.c | 14 ++++++++++----
 1 file changed, 10 insertions(+), 4 deletions(-)
In file included from test.c:5:
exercises.c: In function 'sumaNultimos':
exercises.c:42:4: error: statement with no effect [-Werror=unused-value]
    for (inicio; inicio < n; inicio++)
    ^~~
test.c: At top level:
test.c:8:8: error: '_strdup' redeclared without dllimport attribute: previous dllimport ignored [-Werror=attributes]
 char * _strdup(const char * str) {
        ^~~~~~~
test.c: In function 'test_suma_n':
test.c:88:17: error: passing argument 1 to restrict-qualified parameter aliases with argument 3 [-Werror=restrict]
         sprintf(msg,"%s %d,",msg,a[i]);
                 ^~~          ~~~
test.c:90:13: error: passing argument 1 to restrict-qualified parameter aliases with argument 3 [-Werror=restrict]
     sprintf(msg,"%s]",msg);
             ^~~       ~~~
test.c:90:21: error: 'sprintf' may write a terminating nul past the end of the destination [-Werror=format-overflow=]
     sprintf(msg,"%s]",msg);
                     ^
test.c:90:5: note: 'sprintf' output between 2 and 301 bytes into a destination of size 300
     sprintf(msg,"%s]",msg);
     ^~~~~~~~~~~~~~~~~~~~~~
test.c:88:25: error: '%d' directive writing between 1 and 11 bytes into a region of size between 0 and 299 [-Werror=format-overflow=]
         sprintf(msg,"%s %d,",msg,a[i]);
                         ^~
test.c:88:9: note: 'sprintf' output between 4 and 313 bytes into a destination of size 300
         sprintf(msg,"%s %d,",msg,a[i]);
         ^~~~~~~~~~~~~~~~~~~~~~~~~~~~~~
cc1.exe: all warnings being treated as errors
Compilation failed
340c48f
Fri Mar 11 20:42:42 PSADT 2022: 
In file included from test.c:5:
exercises.c: In function 'sumaNultimos':
exercises.c:42:4: error: statement with no effect [-Werror=unused-value]
    for (inicio; inicio < n; inicio++)
    ^~~
test.c: At top level:
test.c:8:8: error: '_strdup' redeclared without dllimport attribute: previous dllimport ignored [-Werror=attributes]
 char * _strdup(const char * str) {
        ^~~~~~~
test.c: In function 'test_suma_n':
test.c:88:17: error: passing argument 1 to restrict-qualified parameter aliases with argument 3 [-Werror=restrict]
         sprintf(msg,"%s %d,",msg,a[i]);
                 ^~~          ~~~
test.c:90:13: error: passing argument 1 to restrict-qualified parameter aliases with argument 3 [-Werror=restrict]
     sprintf(msg,"%s]",msg);
             ^~~       ~~~
test.c:90:21: error: 'sprintf' may write a terminating nul past the end of the destination [-Werror=format-overflow=]
     sprintf(msg,"%s]",msg);
                     ^
test.c:90:5: note: 'sprintf' output between 2 and 301 bytes into a destination of size 300
     sprintf(msg,"%s]",msg);
     ^~~~~~~~~~~~~~~~~~~~~~
test.c:88:25: error: '%d' directive writing between 1 and 11 bytes into a region of size between 0 and 299 [-Werror=format-overflow=]
         sprintf(msg,"%s %d,",msg,a[i]);
                         ^~
test.c:88:9: note: 'sprintf' output between 4 and 313 bytes into a destination of size 300
         sprintf(msg,"%s %d,",msg,a[i]);
         ^~~~~~~~~~~~~~~~~~~~~~~~~~~~~~
cc1.exe: all warnings being treated as errors
Compilation failed
ec72c27
Fri Mar 11 20:42:44 PSADT 2022: 
In file included from test.c:5:
exercises.c: In function 'sumaNultimos':
exercises.c:42:4: error: statement with no effect [-Werror=unused-value]
    for (inicio; inicio < n; inicio++)
    ^~~
test.c: At top level:
test.c:8:8: error: '_strdup' redeclared without dllimport attribute: previous dllimport ignored [-Werror=attributes]
 char * _strdup(const char * str) {
        ^~~~~~~
test.c: In function 'test_suma_n':
test.c:88:17: error: passing argument 1 to restrict-qualified parameter aliases with argument 3 [-Werror=restrict]
         sprintf(msg,"%s %d,",msg,a[i]);
                 ^~~          ~~~
test.c:90:13: error: passing argument 1 to restrict-qualified parameter aliases with argument 3 [-Werror=restrict]
     sprintf(msg,"%s]",msg);
             ^~~       ~~~
test.c:90:21: error: 'sprintf' may write a terminating nul past the end of the destination [-Werror=format-overflow=]
     sprintf(msg,"%s]",msg);
                     ^
test.c:90:5: note: 'sprintf' output between 2 and 301 bytes into a destination of size 300
     sprintf(msg,"%s]",msg);
     ^~~~~~~~~~~~~~~~~~~~~~
test.c:88:25: error: '%d' directive writing between 1 and 11 bytes into a region of size between 0 and 299 [-Werror=format-overflow=]
         sprintf(msg,"%s %d,",msg,a[i]);
                         ^~
test.c:88:9: note: 'sprintf' output between 4 and 313 bytes into a destination of size 300
         sprintf(msg,"%s %d,",msg,a[i]);
         ^~~~~~~~~~~~~~~~~~~~~~~~~~~~~~
cc1.exe: all warnings being treated as errors
Compilation failed
4a1ff94
Fri Mar 11 20:42:46 PSADT 2022: 
In file included from test.c:5:
exercises.c: In function 'sumaNultimos':
exercises.c:42:4: error: statement with no effect [-Werror=unused-value]
    for (inicio; inicio < n; inicio++)
    ^~~
test.c: At top level:
test.c:8:8: error: '_strdup' redeclared without dllimport attribute: previous dllimport ignored [-Werror=attributes]
 char * _strdup(const char * str) {
        ^~~~~~~
test.c: In function 'test_suma_n':
test.c:88:17: error: passing argument 1 to restrict-qualified parameter aliases with argument 3 [-Werror=restrict]
         sprintf(msg,"%s %d,",msg,a[i]);
                 ^~~          ~~~
test.c:90:13: error: passing argument 1 to restrict-qualified parameter aliases with argument 3 [-Werror=restrict]
     sprintf(msg,"%s]",msg);
             ^~~       ~~~
test.c:90:21: error: 'sprintf' may write a terminating nul past the end of the destination [-Werror=format-overflow=]
     sprintf(msg,"%s]",msg);
                     ^
test.c:90:5: note: 'sprintf' output between 2 and 301 bytes into a destination of size 300
     sprintf(msg,"%s]",msg);
     ^~~~~~~~~~~~~~~~~~~~~~
test.c:88:25: error: '%d' directive writing between 1 and 11 bytes into a region of size between 0 and 299 [-Werror=format-overflow=]
         sprintf(msg,"%s %d,",msg,a[i]);
                         ^~
test.c:88:9: note: 'sprintf' output between 4 and 313 bytes into a destination of size 300
         sprintf(msg,"%s %d,",msg,a[i]);
         ^~~~~~~~~~~~~~~~~~~~~~~~~~~~~~
cc1.exe: all warnings being treated as errors
Compilation failed
cfdfe33
Fri Mar 11 20:43:52 PSADT 2022: 
In file included from test.c:5:
exercises.c: In function 'sumaNultimos':
exercises.c:42:4: error: statement with no effect [-Werror=unused-value]
    for (inicio; inicio < n; inicio++)
    ^~~
test.c: At top level:
test.c:8:8: error: '_strdup' redeclared without dllimport attribute: previous dllimport ignored [-Werror=attributes]
 char * _strdup(const char * str) {
        ^~~~~~~
test.c: In function 'test_suma_n':
test.c:88:17: error: passing argument 1 to restrict-qualified parameter aliases with argument 3 [-Werror=restrict]
         sprintf(msg,"%s %d,",msg,a[i]);
                 ^~~          ~~~
test.c:90:13: error: passing argument 1 to restrict-qualified parameter aliases with argument 3 [-Werror=restrict]
     sprintf(msg,"%s]",msg);
             ^~~       ~~~
test.c:90:21: error: 'sprintf' may write a terminating nul past the end of the destination [-Werror=format-overflow=]
     sprintf(msg,"%s]",msg);
                     ^
test.c:90:5: note: 'sprintf' output between 2 and 301 bytes into a destination of size 300
     sprintf(msg,"%s]",msg);
     ^~~~~~~~~~~~~~~~~~~~~~
test.c:88:25: error: '%d' directive writing between 1 and 11 bytes into a region of size between 0 and 299 [-Werror=format-overflow=]
         sprintf(msg,"%s %d,",msg,a[i]);
                         ^~
test.c:88:9: note: 'sprintf' output between 4 and 313 bytes into a destination of size 300
         sprintf(msg,"%s %d,",msg,a[i]);
         ^~~~~~~~~~~~~~~~~~~~~~~~~~~~~~
cc1.exe: all warnings being treated as errors
Compilation failed
fe6a490
Fri Mar 11 20:45:56 PSADT 2022: 
 exercises.c | 3 +--
 1 file changed, 1 insertion(+), 2 deletions(-)
test.c:8:8: error: '_strdup' redeclared without dllimport attribute: previous dllimport ignored [-Werror=attributes]
 char * _strdup(const char * str) {
        ^~~~~~~
test.c: In function 'test_suma_n':
test.c:88:17: error: passing argument 1 to restrict-qualified parameter aliases with argument 3 [-Werror=restrict]
         sprintf(msg,"%s %d,",msg,a[i]);
                 ^~~          ~~~
test.c:90:13: error: passing argument 1 to restrict-qualified parameter aliases with argument 3 [-Werror=restrict]
     sprintf(msg,"%s]",msg);
             ^~~       ~~~
test.c:90:21: error: 'sprintf' may write a terminating nul past the end of the destination [-Werror=format-overflow=]
     sprintf(msg,"%s]",msg);
                     ^
test.c:90:5: note: 'sprintf' output between 2 and 301 bytes into a destination of size 300
     sprintf(msg,"%s]",msg);
     ^~~~~~~~~~~~~~~~~~~~~~
test.c:88:25: error: '%d' directive writing between 1 and 11 bytes into a region of size between 0 and 299 [-Werror=format-overflow=]
         sprintf(msg,"%s %d,",msg,a[i]);
                         ^~
test.c:88:9: note: 'sprintf' output between 4 and 313 bytes into a destination of size 300
         sprintf(msg,"%s %d,",msg,a[i]);
         ^~~~~~~~~~~~~~~~~~~~~~~~~~~~~~
cc1.exe: all warnings being treated as errors
Compilation failed
d66a99b
Fri Mar 11 20:46:57 PSADT 2022: 
test.c:8:8: error: '_strdup' redeclared without dllimport attribute: previous dllimport ignored [-Werror=attributes]
 char * _strdup(const char * str) {
        ^~~~~~~
test.c: In function 'test_suma_n':
test.c:88:17: error: passing argument 1 to restrict-qualified parameter aliases with argument 3 [-Werror=restrict]
         sprintf(msg,"%s %d,",msg,a[i]);
                 ^~~          ~~~
test.c:90:13: error: passing argument 1 to restrict-qualified parameter aliases with argument 3 [-Werror=restrict]
     sprintf(msg,"%s]",msg);
             ^~~       ~~~
test.c:90:21: error: 'sprintf' may write a terminating nul past the end of the destination [-Werror=format-overflow=]
     sprintf(msg,"%s]",msg);
                     ^
test.c:90:5: note: 'sprintf' output between 2 and 301 bytes into a destination of size 300
     sprintf(msg,"%s]",msg);
     ^~~~~~~~~~~~~~~~~~~~~~
test.c:88:25: error: '%d' directive writing between 1 and 11 bytes into a region of size between 0 and 299 [-Werror=format-overflow=]
         sprintf(msg,"%s %d,",msg,a[i]);
                         ^~
test.c:88:9: note: 'sprintf' output between 4 and 313 bytes into a destination of size 300
         sprintf(msg,"%s %d,",msg,a[i]);
         ^~~~~~~~~~~~~~~~~~~~~~~~~~~~~~
cc1.exe: all warnings being treated as errors
Compilation failed
66d2558
Fri Mar 11 20:47:16 PSADT 2022: 
test.c:8:8: error: '_strdup' redeclared without dllimport attribute: previous dllimport ignored [-Werror=attributes]
 char * _strdup(const char * str) {
        ^~~~~~~
test.c: In function 'test_suma_n':
test.c:88:17: error: passing argument 1 to restrict-qualified parameter aliases with argument 3 [-Werror=restrict]
         sprintf(msg,"%s %d,",msg,a[i]);
                 ^~~          ~~~
test.c:90:13: error: passing argument 1 to restrict-qualified parameter aliases with argument 3 [-Werror=restrict]
     sprintf(msg,"%s]",msg);
             ^~~       ~~~
test.c:90:21: error: 'sprintf' may write a terminating nul past the end of the destination [-Werror=format-overflow=]
     sprintf(msg,"%s]",msg);
                     ^
test.c:90:5: note: 'sprintf' output between 2 and 301 bytes into a destination of size 300
     sprintf(msg,"%s]",msg);
     ^~~~~~~~~~~~~~~~~~~~~~
test.c:88:25: error: '%d' directive writing between 1 and 11 bytes into a region of size between 0 and 299 [-Werror=format-overflow=]
         sprintf(msg,"%s %d,",msg,a[i]);
                         ^~
test.c:88:9: note: 'sprintf' output between 4 and 313 bytes into a destination of size 300
         sprintf(msg,"%s %d,",msg,a[i]);
         ^~~~~~~~~~~~~~~~~~~~~~~~~~~~~~
cc1.exe: all warnings being treated as errors
Compilation failed
fd8350f
Fri Mar 11 20:47:33 PSADT 2022: 
test.c:8:8: error: '_strdup' redeclared without dllimport attribute: previous dllimport ignored [-Werror=attributes]
 char * _strdup(const char * str) {
        ^~~~~~~
test.c: In function 'test_suma_n':
test.c:88:17: error: passing argument 1 to restrict-qualified parameter aliases with argument 3 [-Werror=restrict]
         sprintf(msg,"%s %d,",msg,a[i]);
                 ^~~          ~~~
test.c:90:13: error: passing argument 1 to restrict-qualified parameter aliases with argument 3 [-Werror=restrict]
     sprintf(msg,"%s]",msg);
             ^~~       ~~~
test.c:90:21: error: 'sprintf' may write a terminating nul past the end of the destination [-Werror=format-overflow=]
     sprintf(msg,"%s]",msg);
                     ^
test.c:90:5: note: 'sprintf' output between 2 and 301 bytes into a destination of size 300
     sprintf(msg,"%s]",msg);
     ^~~~~~~~~~~~~~~~~~~~~~
test.c:88:25: error: '%d' directive writing between 1 and 11 bytes into a region of size between 0 and 299 [-Werror=format-overflow=]
         sprintf(msg,"%s %d,",msg,a[i]);
                         ^~
test.c:88:9: note: 'sprintf' output between 4 and 313 bytes into a destination of size 300
         sprintf(msg,"%s %d,",msg,a[i]);
         ^~~~~~~~~~~~~~~~~~~~~~~~~~~~~~
cc1.exe: all warnings being treated as errors
Compilation failed
62d26aa
Fri Mar 11 20:51:11 PSADT 2022: 
test.c:8:8: error: '_strdup' redeclared without dllimport attribute: previous dllimport ignored [-Werror=attributes]
 char * _strdup(const char * str) {
        ^~~~~~~
test.c: In function 'test_suma_n':
test.c:88:17: error: passing argument 1 to restrict-qualified parameter aliases with argument 3 [-Werror=restrict]
         sprintf(msg,"%s %d,",msg,a[i]);
                 ^~~          ~~~
test.c:90:13: error: passing argument 1 to restrict-qualified parameter aliases with argument 3 [-Werror=restrict]
     sprintf(msg,"%s]",msg);
             ^~~       ~~~
test.c:90:21: error: 'sprintf' may write a terminating nul past the end of the destination [-Werror=format-overflow=]
     sprintf(msg,"%s]",msg);
                     ^
test.c:90:5: note: 'sprintf' output between 2 and 301 bytes into a destination of size 300
     sprintf(msg,"%s]",msg);
     ^~~~~~~~~~~~~~~~~~~~~~
test.c:88:25: error: '%d' directive writing between 1 and 11 bytes into a region of size between 0 and 299 [-Werror=format-overflow=]
         sprintf(msg,"%s %d,",msg,a[i]);
                         ^~
test.c:88:9: note: 'sprintf' output between 4 and 313 bytes into a destination of size 300
         sprintf(msg,"%s %d,",msg,a[i]);
         ^~~~~~~~~~~~~~~~~~~~~~~~~~~~~~
cc1.exe: all warnings being treated as errors
Compilation failed
fb44a42
Fri Mar 11 20:54:19 PSADT 2022: 
test.c: In function 'test_suma_n':
test.c:82:17: error: passing argument 1 to restrict-qualified parameter aliases with argument 3 [-Werror=restrict]
         sprintf(msg,"%.50s %d,",msg,a[i]);
                 ^~~             ~~~
test.c:84:13: error: passing argument 1 to restrict-qualified parameter aliases with argument 3 [-Werror=restrict]
     sprintf(msg,"%.50s]",msg);
             ^~~          ~~~
cc1.exe: all warnings being treated as errors
Compilation failed
7acc231
Fri Mar 11 21:27:33 PSADT 2022: 
test.c: In function 'test_suma_n':
test.c:82:17: error: passing argument 1 to restrict-qualified parameter aliases with argument 3 [-Werror=restrict]
         sprintf(msg,"%.50s %d,",msg,a[i]);
                 ^~~             ~~~
test.c:84:13: error: passing argument 1 to restrict-qualified parameter aliases with argument 3 [-Werror=restrict]
     sprintf(msg,"%.50s]",msg);
             ^~~          ~~~
cc1.exe: all warnings being treated as errors
Compilation failed
1cff287
Fri Mar 11 21:28:14 PSADT 2022: 
test.c: In function 'test_suma_n':
test.c:82:17: error: passing argument 1 to restrict-qualified parameter aliases with argument 3 [-Werror=restrict]
         sprintf(msg,"%.50s %d,",msg,a[i]);
                 ^~~             ~~~
test.c:84:13: error: passing argument 1 to restrict-qualified parameter aliases with argument 3 [-Werror=restrict]
     sprintf(msg,"%.50s]",msg);
             ^~~          ~~~
cc1.exe: all warnings being treated as errors
Compilation failed
ecd013f
Fri Mar 11 21:28:43 PSADT 2022: 
test.c: In function 'test_suma_n':
test.c:82:17: error: passing argument 1 to restrict-qualified parameter aliases with argument 3 [-Werror=restrict]
         sprintf(msg,"%.50s %d,",msg,a[i]);
                 ^~~             ~~~
test.c:84:13: error: passing argument 1 to restrict-qualified parameter aliases with argument 3 [-Werror=restrict]
     sprintf(msg,"%.50s]",msg);
             ^~~          ~~~
cc1.exe: all warnings being treated as errors
Compilation failed
f4f3f89
Fri, Mar 11, 2022  9:30:55 PM: 
test.c: In function 'test_suma_n':
test.c:82:17: error: passing argument 1 to restrict-qualified parameter aliases with argument 3 [-Werror=restrict]
         sprintf(msg,"%.50s %d,",msg,a[i]);
                 ^~~             ~~~
test.c:84:13: error: passing argument 1 to restrict-qualified parameter aliases with argument 3 [-Werror=restrict]
     sprintf(msg,"%.50s]",msg);
             ^~~          ~~~
cc1.exe: all warnings being treated as errors
Compilation failed
f040afc
Fri, Mar 11, 2022  9:33:46 PM: 
test.c: In function 'test_suma_n':
test.c:82:17: error: passing argument 1 to restrict-qualified parameter aliases with argument 3 [-Werror=restrict]
         sprintf(msg,"%.50s %d,",msg,a[i]);
                 ^~~             ~~~
test.c:84:13: error: passing argument 1 to restrict-qualified parameter aliases with argument 3 [-Werror=restrict]
     sprintf(msg,"%.50s]",msg);
             ^~~          ~~~
cc1.exe: all warnings being treated as errors
Compilation failed
7103acb
Sat, Mar 12, 2022  1:10:21 PM: 
test.c: In function 'test_suma_n':
test.c:82:17: error: passing argument 1 to restrict-qualified parameter aliases with argument 3 [-Werror=restrict]
         sprintf(msg,"%.50s %d,",msg,a[i]);
                 ^~~             ~~~
test.c:84:13: error: passing argument 1 to restrict-qualified parameter aliases with argument 3 [-Werror=restrict]
     sprintf(msg,"%.50s]",msg);
             ^~~          ~~~
cc1.exe: all warnings being treated as errors
Compilation failed
61e1bdc
Sat, Mar 12, 2022  1:34:42 PM: 
test.c: In function 'test_suma_n':
test.c:82:17: error: passing argument 1 to restrict-qualified parameter aliases with argument 3 [-Werror=restrict]
         sprintf(msg,"%.50s %d,",msg,a[i]);
                 ^~~             ~~~
test.c:84:13: error: passing argument 1 to restrict-qualified parameter aliases with argument 3 [-Werror=restrict]
     sprintf(msg,"%.50s]",msg);
             ^~~          ~~~
cc1.exe: all warnings being treated as errors
Compilation failed
0d76776
Sat, Mar 12, 2022  1:43:55 PM: 
test.c: In function 'test_suma_n':
test.c:82:17: error: passing argument 1 to restrict-qualified parameter aliases with argument 3 [-Werror=restrict]
         sprintf(msg,"%.50s %d,",msg,a[i]);
                 ^~~             ~~~
test.c:84:13: error: passing argument 1 to restrict-qualified parameter aliases with argument 3 [-Werror=restrict]
     sprintf(msg,"%.50s]",msg);
             ^~~          ~~~
cc1.exe: all warnings being treated as errors
Compilation failed
97a9159
Sat, Mar 12, 2022  1:44:46 PM: 
 tests:  2|5
total_score: 20/70
1d78948
Sat, Mar 12, 2022  3:41:20 PM: 
 exercises.c | 8 +++++++-
 1 file changed, 7 insertions(+), 1 deletion(-)
 tests:  2|5
total_score: 20/70
6fd9816
Sat, Mar 12, 2022  4:10:07 PM: 
 exercises.c | 10 ++++++++--
 1 file changed, 8 insertions(+), 2 deletions(-)
 tests:  2|5
total_score: 20/70
7b39a18
Sun, Mar 13, 2022  1:23:33 AM: 
 exercises.c | 3 ++-
 1 file changed, 2 insertions(+), 1 deletion(-)
 tests:  2|5
total_score: 20/70
ce8aa34
Sun, Mar 13, 2022  1:55:05 AM: 
 exercises.c | 7 +++++--
 1 file changed, 5 insertions(+), 2 deletions(-)
 tests:  3|4
total_score: 30/70
41b6a7b
Sun, Mar 13, 2022  2:13:06 AM: 
 exercises.c | 2 +-
 1 file changed, 1 insertion(+), 1 deletion(-)
 tests:  3|4
total_score: 30/70
0727c56
Sun, Mar 13, 2022  2:19:16 AM: 
 exercises.c | 9 ++++-----
 1 file changed, 4 insertions(+), 5 deletions(-)
 tests:  3|4
total_score: 30/70
3a8d78e
Sun, Mar 13, 2022  2:27:55 AM: 
 exercises.c | 2 +-
 1 file changed, 1 insertion(+), 1 deletion(-)
 tests:  5|3
total_score: 40/70
5e15940
Sun, Mar 13, 2022  2:31:22 AM: 
 exercises.c | 18 +++++-------------
 1 file changed, 5 insertions(+), 13 deletions(-)
 tests:  6|2
total_score: 50/70
ae65429
Sun, Mar 13, 2022  2:45:37 AM: 
 exercises.c | 3 ++-
 1 file changed, 2 insertions(+), 1 deletion(-)
 tests:  0|0
25f6263
Sun, Mar 13, 2022  2:46:56 AM: 
 exercises.c | 3 +--
 1 file changed, 1 insertion(+), 2 deletions(-)
 tests:  6|2
total_score: 50/70
e0d6102
Sun, Mar 13, 2022  2:47:11 AM: 
 exercises.c | 3 ++-
 1 file changed, 2 insertions(+), 1 deletion(-)
 tests:  0|0
4b80c62
Sun, Mar 13, 2022  2:47:24 AM: 
 exercises.c | 2 ++
 1 file changed, 2 insertions(+)
 tests:  0|0
be79d3f
Sun, Mar 13, 2022  2:54:53 AM: 
 tests:  0|0
11febf8
Sun, Mar 13, 2022  2:57:20 AM: 
 exercises.c | 5 +----
 1 file changed, 1 insertion(+), 4 deletions(-)
 tests:  6|2
total_score: 50/70
1d69aa1
Sun, Mar 13, 2022  3:03:45 AM: 
 exercises.c | 3 ++-
 1 file changed, 2 insertions(+), 1 deletion(-)
 tests:  7|1
total_score: 60/70
1176b61
Sun, Mar 13, 2022  3:04:04 AM: 
 exercises.c | 3 ++-
 1 file changed, 2 insertions(+), 1 deletion(-)
 tests:  0|0
78a3534
Sun, Mar 13, 2022  3:07:37 AM: 
 exercises.c | 3 +--
 1 file changed, 1 insertion(+), 2 deletions(-)
 tests:  7|1
total_score: 60/70
80c3b49
Sun, Mar 13, 2022  3:07:58 AM: 
 exercises.c | 2 ++
 1 file changed, 2 insertions(+)
 tests:  0|0
3d035cf
Sun, Mar 13, 2022  3:08:14 AM: 
 exercises.c | 2 +-
 1 file changed, 1 insertion(+), 1 deletion(-)
 tests:  0|0
cd301be
